<?xml version="1.0" encoding="UTF-8"?>
<!-- Generated by org.testng.reporters.JUnitReportReporter -->
<testsuite hostname="LAPTOP-DE7E5JDU" failures="0" tests="11" name="practice.getDatafromProvider" time="0.032" errors="0" timestamp="2023-05-24T11:41:50 IST" skipped="0">
  <testcase classname="practice.getDatafromProvider" name="getData" time="0.001"/>
  <system-out/>
  <testcase classname="practice.getDatafromProvider" name="getData1" time="0.008"/>
  <system-out/>
  <testcase classname="practice.getDatafromProvider" name="getData" time="0.001"/>
  <system-out/>
  <testcase classname="practice.getDatafromProvider" name="getData" time="0.011"/>
  <system-out/>
  <testcase classname="practice.getDatafromProvider" name="getexc" time="0.002"/>
  <system-out/>
  <testcase classname="practice.getDatafromProvider" name="getData1" time="0.001"/>
  <system-out/>
  <testcase classname="practice.getDatafromProvider" name="getData1" time="0.001"/>
  <system-out/>
  <testcase classname="practice.getDatafromProvider" name="getexc" time="0.004"/>
  <system-out/>
  <testcase classname="practice.getDatafromProvider" name="getexc" time="0.001"/>
  <system-out/>
  <testcase classname="practice.getDatafromProvider" name="getData1" time="0.001"/>
  <system-out/>
  <testcase classname="practice.getDatafromProvider" name="getexc" time="0.001"/>
  <system-out/>
</testsuite> <!-- practice.getDatafromProvider -->
