<?xml version="1.0" encoding="UTF-8"?>
<!-- Generated by org.testng.reporters.JUnitReportReporter -->
<testsuite hostname="LAPTOP-DE7E5JDU" failures="0" tests="1" name="com.re.twinliteTest.LU_STC_03Test" time="13.366" errors="0" timestamp="2023-05-25T12:52:38 IST" skipped="0">
  <testcase classname="com.re.twinliteTest.LU_STC_03Test" name="LU_STC_03Test" time="13.366"/>
  <system-out/>
</testsuite> <!-- com.re.twinliteTest.LU_STC_03Test -->
