<?xml version="1.0" encoding="UTF-8"?>
<!-- Generated by org.testng.reporters.JUnitReportReporter -->
<testsuite hostname="LAPTOP-DE7E5JDU" failures="0" tests="2" name="com.re.twinliteTest.VerifyThatAdminEditTheDetailsOfTheRegisteredPropertyTest" time="7.666" errors="0" timestamp="2023-05-30T10:57:16 IST" skipped="2">
  <testcase classname="com.re.twinliteTest.VerifyThatAdminEditTheDetailsOfTheRegisteredPropertyTest" name="VerifyThatAdminEditTheDetailsOfTheRegisteredPropertyTest" time="6.739">
    <skipped/>
  </testcase> <!-- VerifyThatAdminEditTheDetailsOfTheRegisteredPropertyTest -->
  <system-out/>
  <testcase classname="com.re.twinliteTest.VerifyThatAdminEditTheDetailsOfTheRegisteredPropertyTest" name="VerifyThatAdminEditTheDetailsOfTheRegisteredPropertyTest" time="0.927">
    <skipped/>
  </testcase> <!-- VerifyThatAdminEditTheDetailsOfTheRegisteredPropertyTest -->
  <system-out/>
</testsuite> <!-- com.re.twinliteTest.VerifyThatAdminEditTheDetailsOfTheRegisteredPropertyTest -->
