<?xml version="1.0" encoding="UTF-8"?>
<!-- Generated by org.testng.reporters.JUnitReportReporter -->
<testsuite hostname="LAPTOP-DE7E5JDU" failures="0" tests="1" name="practice.practiceTestng" time="0.004" errors="0" timestamp="2023-05-25T11:14:43 IST" skipped="0">
  <testcase classname="practice.practiceTestng" name="update" time="0.004"/>
  <system-out/>
</testsuite> <!-- practice.practiceTestng -->
